Start testing: Feb 11 15:25 CET
----------------------------------------------------------
1/1 Testing: toDoTest
1/1 Test: toDoTest
Command: "/Users/cajetan/Programming/Learning/Build Systems/CMake/build/toDo"
Directory: /Users/cajetan/Programming/Learning/Build Systems/CMake/build
"toDoTest" start time: Feb 11 15:25 CET
Output:
----------------------------------------------------------
Test passed
<end of output>
Test time =   0.00 sec
----------------------------------------------------------
Test Passed.
"toDoTest" end time: Feb 11 15:25 CET
"toDoTest" time elapsed: 00:00:00
----------------------------------------------------------

End testing: Feb 11 15:25 CET
